[  2: 3: 3 ]  Initialize registry file.
[  2: 3: 3 ]  Load registry file...
[  2: 3: 3 ]  Set process priority.
[  2: 3: 3 ]  Begin kernel.
[  2: 3: 3 ]  Set english language pack, Font name [Arial]
[  2: 3: 3 ]  Code page : 1252, Local : 1
[  2: 3: 3 ]  Build sqrt LUT
[  2: 3: 3 ]  Load text resource
[  2: 3: 3 ]  Parse script : language list
[  2: 3: 3 ]  Language : English
[  2: 3: 3 ]  Set sub language : 0:English
[  2: 3: 4 ]  Initilize _X3DShell.
[  2: 3: 4 ]  ========================================================================
[  2: 3: 4 ]  OS System : Windows Vista/9200[6:2]/
[  2: 3: 4 ]  Process start time : 02:03:04 / Wednesday, day 26 of July in the year 2023.
[  2: 3: 4 ]  ========================================================================
[  2: 3: 4 ]  Start game timer.
[  2: 3: 4 ]  _XShell [version 0.1.0] Started!
[  2: 3: 4 ]  _XTimerCounter initialized
[  2: 3: 4 ]  Create the Direct3D object.
[  2: 3: 4 ]  Created xwindow.
[  2: 3: 4 ]  Choose d3d settings.
[  2: 3: 4 ]  Initialize xapp timer.
[  2: 3: 4 ]  Initialize 3D environment.
[  2: 3: 4 ]  Initialize device object
[  2: 3: 4 ]  Initialize cursor...
[  2: 3: 4 ]  Check hardware cursor...
[  2: 3: 4 ]  Set device cursor.
[  2: 3: 4 ]  InitDeviceObject : shader version [ VS : 3.0 / PS : 3.0 ]
[  2: 3: 4 ]  InitDeviceObject : [ HCR ] Use vertex shader animation
[  2: 3: 4 ]  RestoreDeviceObjects : shader version [ VS : 3.0 / PS : 3.0 ]
[  2: 3: 4 ]  RestoreDeviceObjects : [ HCR ] Use vertex shader animation
[  2: 3: 4 ]  XApp initialized.
[  2: 3: 4 ]  ========================================================================
[  2: 3: 4 ]  3D Device informations
[  2: 3: 4 ]  ========================================================================
[  2: 3: 4 ]  Driver    : 	HAL (hw vp): NVIDIA GeForce RTX 2060
[  2: 3: 4 ]  Screen mode   : 	Windowed
[  2: 3: 4 ]  --D3DCAPS --------------------------------------------------------------
[  2: 3: 4 ]    D3DCAPS_READ_SCANLINE
[  2: 3: 4 ]  --D3DCAPS2--------------------------------------------------------------
[  2: 3: 4 ]    D3DCAPS2_CANAUTOGENMIPMAP
[  2: 3: 4 ]    D3DCAPS2_DYNAMICTEXTURES
[  2: 3: 4 ]  --D3DPRESENT------------------------------------------------------------
[  2: 3: 4 ]    D3DPRESENT_INTERVAL_IMMEDIATE
[  2: 3: 4 ]    D3DPRESENT_INTERVAL_ONE
[  2: 3: 4 ]    D3DPRESENT_INTERVAL_TWO
[  2: 3: 4 ]    D3DPRESENT_INTERVAL_THREE
[  2: 3: 4 ]    D3DPRESENT_INTERVAL_FOUR
[  2: 3: 4 ]  --D3DCURSORCAPS---------------------------------------------------------
[  2: 3: 4 ]    D3DCURSORCAPS_COLOR
[  2: 3: 4 ]  --D3DDEVCAPS------------------------------------------------------------
[  2: 3: 4 ]    D3DDEVCAPS_CANBLTSYSTONONLOCAL
[  2: 3: 4 ]    D3DDEVCAPS_CANRENDERAFTERFLIP
[  2: 3: 4 ]    D3DDEVCAPS_DRAWPRIMTLVERTEX
[  2: 3: 4 ]    D3DDEVCAPS_EXECUTESYSTEMMEMORY
[  2: 3: 4 ]    D3DDEVCAPS_EXECUTEVIDEOMEMORY
[  2: 3: 4 ]    D3DDEVCAPS_HWRASTERIZATION
[  2: 3: 4 ]    D3DDEVCAPS_HWTRANSFORMANDLIGHT
[  2: 3: 4 ]    D3DDEVCAPS_PUREDEVICE
[  2: 3: 4 ]    D3DDEVCAPS_TEXTURENONLOCALVIDMEM
[  2: 3: 4 ]    D3DDEVCAPS_TEXTUREVIDEOMEMORY
[  2: 3: 4 ]    D3DDEVCAPS_TLVERTEXSYSTEMMEMORY
[  2: 3: 4 ]    D3DDEVCAPS_TLVERTEXVIDEOMEMORY
[  2: 3: 4 ]  --D3DPRASTERCAPS--------------------------------------------------------
[  2: 3: 4 ]    D3DPRASTERCAPS_ANISOTROPY
[  2: 3: 4 ]    D3DPRASTERCAPS_COLORPERSPECTIVE
[  2: 3: 4 ]    D3DPRASTERCAPS_DITHER
[  2: 3: 4 ]    D3DPRASTERCAPS_DEPTHBIAS
[  2: 3: 4 ]    D3DPRASTERCAPS_FOGRANGE
[  2: 3: 4 ]    D3DPRASTERCAPS_FOGTABLE
[  2: 3: 4 ]    D3DPRASTERCAPS_FOGVERTEX
[  2: 3: 4 ]    D3DPRASTERCAPS_MIPMAPLODBIAS
[  2: 3: 4 ]    D3DPRASTERCAPS_SCISSORTEST
[  2: 3: 4 ]    D3DPRASTERCAPS_SLOPESCALEDEPTHBIAS
[  2: 3: 4 ]    D3DPRASTERCAPS_WFOG
[  2: 3: 4 ]    D3DPRASTERCAPS_ZFOG
[  2: 3: 4 ]    D3DPRASTERCAPS_ZTEST
[  2: 3: 4 ]  --D3DPCMPCAPS-[z compare]-----------------------------------------------
[  2: 3: 4 ]    D3DPCMPCAPS_ALWAYS
[  2: 3: 4 ]    D3DPCMPCAPS_EQUAL
[  2: 3: 4 ]    D3DPCMPCAPS_GREATER
[  2: 3: 4 ]    D3DPCMPCAPS_GREATEREQUAL
[  2: 3: 4 ]    D3DPCMPCAPS_LESS
[  2: 3: 4 ]    D3DPCMPCAPS_LESSEQUAL
[  2: 3: 4 ]    D3DPCMPCAPS_NEVER
[  2: 3: 4 ]    D3DPCMPCAPS_NOTEQUAL
[  2: 3: 4 ]  --D3DPCMPCAPS-[alpha compare]-------------------------------------------
[  2: 3: 4 ]    D3DPCMPCAPS_ALWAYS
[  2: 3: 4 ]    D3DPCMPCAPS_EQUAL
[  2: 3: 4 ]    D3DPCMPCAPS_GREATER
[  2: 3: 4 ]    D3DPCMPCAPS_GREATEREQUAL
[  2: 3: 4 ]    D3DPCMPCAPS_LESS
[  2: 3: 4 ]    D3DPCMPCAPS_LESSEQUAL
[  2: 3: 4 ]    D3DPCMPCAPS_NEVER
[  2: 3: 4 ]    D3DPCMPCAPS_NOTEQUAL
[  2: 3: 4 ]  --D3DPBLENDCAPS-[blend compare]-----------------------------------------
[  2: 3: 4 ]    D3DPBLENDCAPS_BOTHINVSRCALPHA
[  2: 3: 4 ]    D3DPBLENDCAPS_BOTHSRCALPHA
[  2: 3: 4 ]    D3DPBLENDCAPS_DESTALPHA
[  2: 3: 4 ]    D3DPBLENDCAPS_DESTCOLOR
[  2: 3: 4 ]    D3DPBLENDCAPS_INVDESTALPHA
[  2: 3: 4 ]    D3DPBLENDCAPS_INVDESTCOLOR
[  2: 3: 4 ]    D3DPBLENDCAPS_INVSRCALPHA
[  2: 3: 4 ]    D3DPBLENDCAPS_INVSRCCOLOR
[  2: 3: 4 ]    D3DPBLENDCAPS_ONE
[  2: 3: 4 ]    D3DPBLENDCAPS_SRCALPHA
[  2: 3: 4 ]    D3DPBLENDCAPS_SRCALPHASAT
[  2: 3: 4 ]    D3DPBLENDCAPS_SRCCOLOR
[  2: 3: 4 ]    D3DPBLENDCAPS_ZERO
[  2: 3: 4 ]  --D3DPMISCCAPS---[primitive misc]---------------------------------------
[  2: 3: 4 ]    D3DPMISCCAPS_MASKZ
[  2: 3: 4 ]    D3DPMISCCAPS_CULLNONE
[  2: 3: 4 ]    D3DPMISCCAPS_CULLCW
[  2: 3: 4 ]    D3DPMISCCAPS_CULLCCW
[  2: 3: 4 ]    D3DPMISCCAPS_COLORWRITEENABLE
[  2: 3: 4 ]    D3DPMISCCAPS_CLIPTLVERTS
[  2: 3: 4 ]    D3DPMISCCAPS_CLIPTLVERTS
[  2: 3: 4 ]    D3DPMISCCAPS_TSSARGTEMP
[  2: 3: 4 ]    D3DPMISCCAPS_BLENDOP
[  2: 3: 4 ]    D3DPMISCCAPS_INDEPENDENTWRITEMASKS
[  2: 3: 4 ]    D3DPMISCCAPS_PERSTAGECONSTANT
[  2: 3: 4 ]    D3DPMISCCAPS_FOGANDSPECULARALPHA
[  2: 3: 4 ]    D3DPMISCCAPS_SEPARATEALPHABLEND
[  2: 3: 4 ]    D3DPMISCCAPS_MRTINDEPENDENTBITDEPTHS
[  2: 3: 4 ]    D3DPMISCCAPS_MRTPOSTPIXELSHADERBLENDING
[  2: 3: 4 ]  --D3DPBLENDCAPS-[dest blend]--------------------------------------------
[  2: 3: 4 ]    D3DPBLENDCAPS_BOTHINVSRCALPHA
[  2: 3: 4 ]    D3DPBLENDCAPS_BOTHSRCALPHA
[  2: 3: 4 ]    D3DPBLENDCAPS_DESTALPHA
[  2: 3: 4 ]    D3DPBLENDCAPS_DESTCOLOR
[  2: 3: 4 ]    D3DPBLENDCAPS_INVDESTALPHA
[  2: 3: 4 ]    D3DPBLENDCAPS_INVDESTCOLOR
[  2: 3: 4 ]    D3DPBLENDCAPS_INVSRCALPHA
[  2: 3: 4 ]    D3DPBLENDCAPS_INVSRCCOLOR
[  2: 3: 4 ]    D3DPBLENDCAPS_ONE
[  2: 3: 4 ]    D3DPBLENDCAPS_SRCALPHA
[  2: 3: 4 ]    D3DPBLENDCAPS_SRCALPHASAT
[  2: 3: 4 ]    D3DPBLENDCAPS_SRCCOLOR
[  2: 3: 4 ]    D3DPBLENDCAPS_ZERO
[  2: 3: 4 ]  --D3DPTFILTERCAPS-------------------------------------------------------
[  2: 3: 4 ]    D3DPTFILTERCAPS_MAGFPOINT
[  2: 3: 4 ]    D3DPTFILTERCAPS_MAGFLINEAR
[  2: 3: 4 ]    D3DPTFILTERCAPS_MINFPOINT
[  2: 3: 4 ]    D3DPTFILTERCAPS_MINFLINEAR
[  2: 3: 4 ]    D3DPTFILTERCAPS_MINFANISOTROPIC
[  2: 3: 4 ]    D3DPTFILTERCAPS_MIPFPOINT
[  2: 3: 4 ]    D3DPTFILTERCAPS_MIPFLINEAR
[  2: 3: 4 ]  --D3DPTFILTERCAPS-[cube texture]----------------------------------------
[  2: 3: 4 ]    D3DPTFILTERCAPS_MAGFPOINT
[  2: 3: 4 ]    D3DPTFILTERCAPS_MAGFLINEAR
[  2: 3: 4 ]    D3DPTFILTERCAPS_MINFPOINT
[  2: 3: 4 ]    D3DPTFILTERCAPS_MINFLINEAR
[  2: 3: 4 ]    D3DPTFILTERCAPS_MIPFPOINT
[  2: 3: 4 ]    D3DPTFILTERCAPS_MIPFLINEAR
[  2: 3: 4 ]  --D3DPTFILTERCAPS-[volume texture]--------------------------------------
[  2: 3: 4 ]    D3DPTFILTERCAPS_MAGFPOINT
[  2: 3: 4 ]    D3DPTFILTERCAPS_MAGFLINEAR
[  2: 3: 4 ]    D3DPTFILTERCAPS_MINFPOINT
[  2: 3: 4 ]    D3DPTFILTERCAPS_MINFLINEAR
[  2: 3: 4 ]    D3DPTFILTERCAPS_MIPFPOINT
[  2: 3: 4 ]    D3DPTFILTERCAPS_MIPFLINEAR
[  2: 3: 4 ]  --D3DPTADDRESSCAPS-[texture]--------------------------------------------
[  2: 3: 4 ]    D3DPTADDRESSCAPS_BORDER
[  2: 3: 4 ]    D3DPTADDRESSCAPS_CLAMP
[  2: 3: 4 ]    D3DPTADDRESSCAPS_INDEPENDENTUV
[  2: 3: 4 ]    D3DPTADDRESSCAPS_MIRROR
[  2: 3: 4 ]    D3DPTADDRESSCAPS_MIRRORONCE
[  2: 3: 4 ]    D3DPTADDRESSCAPS_WRAP
[  2: 3: 4 ]  --D3DPTADDRESSCAPS-[volume texture]-------------------------------------
[  2: 3: 4 ]    D3DPTADDRESSCAPS_BORDER
[  2: 3: 4 ]    D3DPTADDRESSCAPS_CLAMP
[  2: 3: 4 ]    D3DPTADDRESSCAPS_INDEPENDENTUV
[  2: 3: 4 ]    D3DPTADDRESSCAPS_MIRROR
[  2: 3: 4 ]    D3DPTADDRESSCAPS_MIRRORONCE
[  2: 3: 4 ]    D3DPTADDRESSCAPS_WRAP
[  2: 3: 4 ]  --D3DLINECAPS-----------------------------------------------------------
[  2: 3: 4 ]    D3DLINECAPS_ALPHACMP
[  2: 3: 4 ]    D3DLINECAPS_BLEND
[  2: 3: 4 ]    D3DLINECAPS_FOG
[  2: 3: 4 ]    D3DLINECAPS_TEXTURE
[  2: 3: 4 ]    D3DLINECAPS_ZTEST
[  2: 3: 4 ]  --D3DSTENCILCAPS--------------------------------------------------------
[  2: 3: 4 ]    D3DSTENCILCAPS_DECR
[  2: 3: 4 ]    D3DSTENCILCAPS_DECRSAT
[  2: 3: 4 ]    D3DSTENCILCAPS_INCR
[  2: 3: 4 ]    D3DSTENCILCAPS_INCRSAT
[  2: 3: 4 ]    D3DSTENCILCAPS_INVERT
[  2: 3: 4 ]    D3DSTENCILCAPS_KEEP
[  2: 3: 4 ]    D3DSTENCILCAPS_REPLACE
[  2: 3: 4 ]    D3DSTENCILCAPS_ZERO
[  2: 3: 4 ]  --D3DPTEXTURECAPS-------------------------------------------------------
[  2: 3: 4 ]    D3DPTEXTURECAPS_ALPHA
[  2: 3: 4 ]    D3DPTEXTURECAPS_ALPHAPALETTE
[  2: 3: 4 ]    D3DPTEXTURECAPS_CUBEMAP
[  2: 3: 4 ]    D3DPTEXTURECAPS_MIPCUBEMAP
[  2: 3: 4 ]    D3DPTEXTURECAPS_MIPMAP
[  2: 3: 4 ]    D3DPTEXTURECAPS_MIPVOLUMEMAP
[  2: 3: 4 ]    D3DPTEXTURECAPS_PERSPECTIVE
[  2: 3: 4 ]    D3DPTEXTURECAPS_PROJECTED
[  2: 3: 4 ]    D3DPTEXTURECAPS_TEXREPEATNOTSCALEDBYSIZE
[  2: 3: 4 ]    D3DPTEXTURECAPS_VOLUMEMAP
[  2: 3: 4 ]  --D3DTEXOPCAPS----------------------------------------------------------
[  2: 3: 4 ]    D3DTEXOPCAPS_ADD
[  2: 3: 4 ]    D3DTEXOPCAPS_ADDSIGNED
[  2: 3: 4 ]    D3DTEXOPCAPS_ADDSIGNED2X
[  2: 3: 4 ]    D3DTEXOPCAPS_ADDSMOOTH
[  2: 3: 4 ]    D3DTEXOPCAPS_BLENDCURRENTALPHA
[  2: 3: 4 ]    D3DTEXOPCAPS_BLENDDIFFUSEALPHA
[  2: 3: 4 ]    D3DTEXOPCAPS_BLENDFACTORALPHA
[  2: 3: 4 ]    D3DTEXOPCAPS_BLENDTEXTUREALPHA
[  2: 3: 4 ]    D3DTEXOPCAPS_BLENDTEXTUREALPHAPM
[  2: 3: 4 ]    D3DTEXOPCAPS_BUMPENVMAP
[  2: 3: 4 ]    D3DTEXOPCAPS_BUMPENVMAPLUMINANCE
[  2: 3: 4 ]    D3DTEXOPCAPS_DISABLE
[  2: 3: 4 ]    D3DTEXOPCAPS_DOTPRODUCT3
[  2: 3: 4 ]    D3DTEXOPCAPS_LERP
[  2: 3: 4 ]    D3DTEXOPCAPS_MODULATE
[  2: 3: 4 ]    D3DTEXOPCAPS_MODULATE2X
[  2: 3: 4 ]    D3DTEXOPCAPS_MODULATE4X
[  2: 3: 4 ]    D3DTEXOPCAPS_MODULATEALPHA_ADDCOLOR
[  2: 3: 4 ]    D3DTEXOPCAPS_MODULATECOLOR_ADDALPHA
[  2: 3: 4 ]    D3DTEXOPCAPS_MODULATEINVALPHA_ADDCOLOR
[  2: 3: 4 ]    D3DTEXOPCAPS_MODULATEINVCOLOR_ADDALPHA
[  2: 3: 4 ]    D3DTEXOPCAPS_MULTIPLYADD
[  2: 3: 4 ]    D3DTEXOPCAPS_SELECTARG1
[  2: 3: 4 ]    D3DTEXOPCAPS_SELECTARG2
[  2: 3: 4 ]    D3DTEXOPCAPS_SUBTRACT
[  2: 3: 4 ]  --D3DPSHADECAPS---------------------------------------------------------
[  2: 3: 4 ]    D3DPSHADECAPS_ALPHAGOURAUDBLEND
[  2: 3: 4 ]    D3DPSHADECAPS_COLORGOURAUDRGB
[  2: 3: 4 ]    D3DPSHADECAPS_FOGGOURAUD
[  2: 3: 4 ]    D3DPSHADECAPS_SPECULARGOURAUDRGB
[  2: 3: 4 ]  --D3DFVFCAPS------------------------------------------------------------
[  2: 3: 4 ]    D3DFVFCAPS_DONOTSTRIPELEMENTS
[  2: 3: 4 ]    D3DFVFCAPS_PSIZE
[  2: 3: 4 ]    D3DFVFCAPS_TEXCOORDCOUNTMASK
[  2: 3: 4 ]  --D3DVTXPCAPS-----------------------------------------------------------
[  2: 3: 4 ]    D3DVTXPCAPS_DIRECTIONALLIGHTS
[  2: 3: 4 ]    D3DVTXPCAPS_LOCALVIEWER
[  2: 3: 4 ]    D3DVTXPCAPS_MATERIALSOURCE7
[  2: 3: 4 ]    D3DVTXPCAPS_POSITIONALLIGHTS
[  2: 3: 4 ]    D3DVTXPCAPS_TEXGEN
[  2: 3: 4 ]    D3DVTXPCAPS_TEXGEN_SPHEREMAP
[  2: 3: 4 ]    D3DVTXPCAPS_TWEENING
[  2: 3: 4 ]  D3DDEVICE_CREATION_PARAMETERS:
[  2: 3: 4 ]  		D3DCREATE_HARDWARE_VERTEXPROCESSING
[  2: 3: 4 ]  		D3DCREATE_MULTITHREADED
[  2: 3: 4 ]  ------------------------------------------------------------------------
[  2: 3: 4 ]  MaxPrimitiveCount[16777215]
[  2: 3: 4 ]  MaxVertexIndex[16777215]
[  2: 3: 4 ]  MaxStreams[16]
[  2: 3: 4 ]  MaxStreamStride[255]
[  2: 3: 4 ]  MaxPointSize[8192.00000]
[  2: 3: 4 ]  MaxTextureWidth[16384]
[  2: 3: 4 ]  MaxTextureHeight[16384]
[  2: 3: 4 ]  MaxTextureRepeat[8192]
[  2: 3: 4 ]  MaxTextureAspectRatio[16384]
[  2: 3: 4 ]  MaxTextureBlendStages[8]
[  2: 3: 4 ]  MaxSimultaneousTextures[8]
[  2: 3: 4 ]  MaxVolumeExtent[2048]
[  2: 3: 4 ]  MaxAnisotropy[16]
[  2: 3: 4 ]  MaxUserClipPlanes[8]
[  2: 3: 4 ]  GuardBandLeft[-100000000.00000]
[  2: 3: 4 ]  GuardBandTop[-100000000.00000]
[  2: 3: 4 ]  GuardBandRight[100000000.00000]
[  2: 3: 4 ]  GuardBandBottom[100000000.00000]
[  2: 3: 4 ]  ExtentsAdjust[0.00000]
[  2: 3: 4 ]  MaxVertexBlendMatrices[4]
[  2: 3: 4 ]  MaxVertexBlendMatrixIndex[8]
[  2: 3: 4 ]  MaxVertexW[10000000000.00000]
[  2: 3: 4 ]  MaxActiveLights[10]
[  2: 3: 4 ]  Vertex shader version [3.0]
[  2: 3: 4 ]  MaxVertexShaderConst[256]
[  2: 3: 4 ]  Pixel shader version [3.0]
[  2: 3: 4 ]  PixelShader1xMaxValue[0]
[  2: 3: 4 ]  ==End of device caps log================================================
[  2: 3: 4 ]  ========================================================================
[  2: 3: 4 ]  FMOD : Initialize FMOD Sound system
[  2: 3: 4 ]  ========================================================================
[  2: 3: 4 ]  FMOD : Use FMOD Sound system [3.74]
[  2: 3: 4 ]  FMOD : Using [Direct Sound] output method
[  2: 3: 4 ]  FMOD : Sound driver list
[  2: 3: 4 ]  	1 - Primary Sound Driver
[  2: 3: 4 ]  	2 - Realtek HD Audio 2nd output (Realtek(R) Audio)
[  2: 3: 4 ]  	3 - LG FULL HD (NVIDIA High Definition Audio)
[  2: 3: 4 ]  	4 - Speakers (Realtek(R) Audio)
[  2: 3: 4 ]  	5 - LG FULL HD (NVIDIA High Definition Audio)
[  2: 3: 4 ]  	6 - Realtek Digital Output (Realtek(R) Audio)
[  2: 3: 4 ]  FMOD : Use Driver capabilities [Primary Sound Driver]
[  2: 3: 4 ]  	This driver will support software mode only.
[  2: 3: 4 ]  	It does not properly support 3D sound hardware.
[  2: 3: 4 ]  FMOD : Setting mixer
[  2: 3: 4 ]  FMOD : Set buffer size [Sound:1000][Stream:1000]
[  2: 3: 4 ]  FMOD : Hardware channel report
[  2: 3: 4 ]  		  2D channels : 32
[  2: 3: 4 ]  		  3D channels : 32
[  2: 3: 4 ]  ========================================================================
[  2: 3: 4 ]  Load sound object
[  2: 3: 5 ]  ========================================================================
[  2: 3: 5 ]  shader version [ VS : 3.0 / PS : 3.0 ]
[  2: 3: 5 ]  [ HCR ] Use vertex shader animation
[  2: 3: 5 ]  ========================================================================
[  2: 3: 5 ]  ========================================================================
[  2: 3: 5 ]  Change process : Nine dragons title
[  2: 3: 5 ]  ========================================================================
[  2: 3:11 ]  ========================================================================
[  2: 3:11 ]  Change process : First loading
[  2: 3:11 ]  ========================================================================
[  2: 3:17 ]  Window creating : wnd id : 10033
[  2: 3:17 ]  Created window : cmd id : 0 / wnd id :10033
[  2: 3:17 ]  Window creating : wnd id : 1696720
[  2: 3:17 ]  Created window : cmd id : 1250 / wnd id :1696720
[  2: 3:17 ]  Window creating : wnd id : 10035
[  2: 3:17 ]  Created window : cmd id : 0 / wnd id :10035
[  2: 3:17 ]  Window creating : wnd id : 10040
[  2: 3:17 ]  Created window : cmd id : 0 / wnd id :10040
[  2: 3:17 ]  Window creating : wnd id : 10041
[  2: 3:17 ]  Created window : cmd id : 0 / wnd id :10041
[  2: 3:17 ]  Window creating : wnd id : 10208
[  2: 3:17 ]  Created window : cmd id : 0 / wnd id :10208
[  2: 3:17 ]  Window creating : wnd id : 10004
[  2: 3:17 ]  Created window : cmd id : 0 / wnd id :10004
[  2: 3:17 ]  Window creating : wnd id : 10005
[  2: 3:17 ]  Created window : cmd id : 0 / wnd id :10005
[  2: 3:17 ]  Window creating : wnd id : 10002
[  2: 3:17 ]  Created window : cmd id : 0 / wnd id :10002
[  2: 3:17 ]  Window creating : wnd id : 10003
[  2: 3:17 ]  Created window : cmd id : 0 / wnd id :10003
[  2: 3:17 ]  Window creating : wnd id : 1696368
[  2: 3:17 ]  Created window : cmd id : 769 / wnd id :1696368
[  2: 3:17 ]  Window creating : wnd id : 10293
[  2: 3:17 ]  Created window : cmd id : 0 / wnd id :10293
[  2: 3:17 ]  Window creating : wnd id : 10076
[  2: 3:17 ]  Created window : cmd id : 0 / wnd id :10076
[  2: 3:17 ]  Window creating : wnd id : 10058
[  2: 3:17 ]  Created window : cmd id : 0 / wnd id :10058
[  2: 3:17 ]  Window creating : wnd id : 1696560
[  2: 3:17 ]  Created window : cmd id : 3700 / wnd id :1696560
[  2: 3:17 ]  Window creating : wnd id : 10292
[  2: 3:17 ]  Created window : cmd id : 0 / wnd id :10292
[  2: 3:17 ]  Window creating : wnd id : 10244
[  2: 3:17 ]  Created window : cmd id : 0 / wnd id :10244
[  2: 3:17 ]  Window creating : wnd id : 10245
[  2: 3:17 ]  Created window : cmd id : 0 / wnd id :10245
[  2: 3:17 ]  Window creating : wnd id : 1696680
[  2: 3:17 ]  Created window : cmd id : 6651 / wnd id :1696680
[  2: 3:17 ]  Window creating : wnd id : 10248
[  2: 3:17 ]  Created window : cmd id : 0 / wnd id :10248
[  2: 3:17 ]  Window creating : wnd id : 10074
[  2: 3:17 ]  Created window : cmd id : 0 / wnd id :10074
[  2: 3:17 ]  Window creating : wnd id : 10001
[  2: 3:17 ]  Created window : cmd id : 0 / wnd id :10001
[  2: 3:17 ]  Window creating : wnd id : 1695960
[  2: 3:17 ]  Created window : cmd id : 716 / wnd id :1695960
[  2: 3:17 ]  Window creating : wnd id : 10230
[  2: 3:17 ]  Created window : cmd id : 0 / wnd id :10230
[  2: 3:17 ]  Window creating : wnd id : 10318
[  2: 3:17 ]  Created window : cmd id : 0 / wnd id :10318
[  2: 3:17 ]  Window creating : wnd id : 10006
[  2: 3:17 ]  Created window : cmd id : 0 / wnd id :10006
[  2: 3:17 ]  Window creating : wnd id : 1696024
[  2: 3:17 ]  Created window : cmd id : 788 / wnd id :1696024
[  2: 3:17 ]  Window creating : wnd id : 1696024
[  2: 3:17 ]  Created window : cmd id : 797 / wnd id :1696024
[  2: 3:17 ]  Window creating : wnd id : 10202
[  2: 3:17 ]  Created window : cmd id : 0 / wnd id :10202
[  2: 3:17 ]  Window creating : wnd id : 1695840
[  2: 3:17 ]  Created window : cmd id : 5573 / wnd id :1695840
[  2: 3:17 ]  Window creating : wnd id : 1695840
[  2: 3:17 ]  Created window : cmd id : 5575 / wnd id :1695840
[  2: 3:17 ]  Window creating : wnd id : 1695840
[  2: 3:17 ]  Created window : cmd id : 5574 / wnd id :1695840
[  2: 3:17 ]  Window creating : wnd id : 1695840
[  2: 3:17 ]  Created window : cmd id : 5579 / wnd id :1695840
[  2: 3:17 ]  Window creating : wnd id : 1695840
[  2: 3:17 ]  Created window : cmd id : 5831 / wnd id :1695840
[  2: 3:17 ]  Window creating : wnd id : 1695840
[  2: 3:17 ]  Created window : cmd id : 5830 / wnd id :1695840
[  2: 3:17 ]  Window creating : wnd id : 10026
[  2: 3:17 ]  Created window : cmd id : 0 / wnd id :10026
[  2: 3:17 ]  Window creating : wnd id : 1696064
[  2: 3:17 ]  Created window : cmd id : 1103 / wnd id :1696064
[  2: 3:17 ]  Window creating : wnd id : 1696064
[  2: 3:17 ]  Created window : cmd id : 1112 / wnd id :1696064
[  2: 3:17 ]  Window creating : wnd id : 1696064
[  2: 3:17 ]  Created window : cmd id : 1104 / wnd id :1696064
[  2: 3:17 ]  Window creating : wnd id : 10200
[  2: 3:17 ]  Created window : cmd id : 0 / wnd id :10200
[  2: 3:17 ]  Window creating : wnd id : 1696059
[  2: 3:17 ]  Created window : cmd id : 5543 / wnd id :1696059
[  2: 3:17 ]  Window creating : wnd id : 1696112
[  2: 3:17 ]  Created window : cmd id : 5525 / wnd id :1696112
[  2: 3:17 ]  Window creating : wnd id : 1696059
[  2: 3:17 ]  Created window : cmd id : 5505 / wnd id :1696059
[  2: 3:17 ]  Window creating : wnd id : 1696059
[  2: 3:17 ]  Created window : cmd id : 5546 / wnd id :1696059
[  2: 3:17 ]  Window creating : wnd id : 1695295
[  2: 3:17 ]  Created window : cmd id : 5591 / wnd id :1695295
[  2: 3:17 ]  Window creating : wnd id : 10039
[  2: 3:17 ]  Created window : cmd id : 0 / wnd id :10039
[  2: 3:17 ]  Window creating : wnd id : 14
[  2: 3:17 ]  Created window : cmd id : 1708 / wnd id :14
[  2: 3:17 ]  Window creating : wnd id : 10079
[  2: 3:17 ]  Created window : cmd id : 0 / wnd id :10079
[  2: 3:17 ]  Window creating : wnd id : 10018
[  2: 3:17 ]  Created window : cmd id : 0 / wnd id :10018
[  2: 3:17 ]  Window creating : wnd id : 10019
[  2: 3:17 ]  Created window : cmd id : 0 / wnd id :10019
[  2: 3:17 ]  Window creating : wnd id : 10020
[  2: 3:17 ]  Created window : cmd id : 0 / wnd id :10020
[  2: 3:17 ]  Window creating : wnd id : 10021
[  2: 3:17 ]  Created window : cmd id : 0 / wnd id :10021
[  2: 3:17 ]  Window creating : wnd id : 10022
[  2: 3:17 ]  Created window : cmd id : 0 / wnd id :10022
[  2: 3:17 ]  Window creating : wnd id : 10023
[  2: 3:17 ]  Created window : cmd id : 0 / wnd id :10023
[  2: 3:17 ]  Window creating : wnd id : 10008
[  2: 3:17 ]  Created window : cmd id : 0 / wnd id :10008
[  2: 3:17 ]  Window creating : wnd id : 14
[  2: 3:17 ]  Created window : cmd id : 910 / wnd id :14
[  2: 3:17 ]  Window creating : wnd id : 10009
[  2: 3:17 ]  Created window : cmd id : 0 / wnd id :10009
[  2: 3:17 ]  Window creating : wnd id : 1697008
[  2: 3:17 ]  Created window : cmd id : 946 / wnd id :1697008
[  2: 3:17 ]  Window creating : wnd id : 1697008
[  2: 3:17 ]  Created window : cmd id : 947 / wnd id :1697008
[  2: 3:17 ]  Window creating : wnd id : 10009
[  2: 3:17 ]  Created window : cmd id : 0 / wnd id :10009
[  2: 3:17 ]  Window creating : wnd id : 10009
[  2: 3:17 ]  Created window : cmd id : 0 / wnd id :10009
[  2: 3:17 ]  Window creating : wnd id : 10009
[  2: 3:17 ]  Created window : cmd id : 0 / wnd id :10009
[  2: 3:17 ]  Window creating : wnd id : 10009
[  2: 3:17 ]  Created window : cmd id : 0 / wnd id :10009
[  2: 3:17 ]  Window creating : wnd id : 10009
[  2: 3:17 ]  Created window : cmd id : 0 / wnd id :10009
[  2: 3:17 ]  Window creating : wnd id : 10009
[  2: 3:17 ]  Created window : cmd id : 0 / wnd id :10009
[  2: 3:17 ]  Window creating : wnd id : 10009
[  2: 3:17 ]  Created window : cmd id : 0 / wnd id :10009
[  2: 3:17 ]  Window creating : wnd id : 10009
[  2: 3:17 ]  Created window : cmd id : 0 / wnd id :10009
[  2: 3:17 ]  Window creating : wnd id : 10077
[  2: 3:17 ]  Created window : cmd id : 0 / wnd id :10077
[  2: 3:17 ]  Window creating : wnd id : 10007
[  2: 3:17 ]  Created window : cmd id : 0 / wnd id :10007
[  2: 3:17 ]  Window creating : wnd id : 820
[  2: 3:17 ]  Created window : cmd id : 0 / wnd id :820
[  2: 3:17 ]  Window creating : wnd id : 860
[  2: 3:17 ]  Created window : cmd id : 0 / wnd id :860
[  2: 3:17 ]  Window creating : wnd id : 840
[  2: 3:17 ]  Created window : cmd id : 0 / wnd id :840
[  2: 3:17 ]  Window creating : wnd id : 850
[  2: 3:17 ]  Created window : cmd id : 0 / wnd id :850
[  2: 3:17 ]  Window creating : wnd id : 10025
[  2: 3:17 ]  Created window : cmd id : 0 / wnd id :10025
[  2: 3:17 ]  Window creating : wnd id : 14
[  2: 3:17 ]  Created window : cmd id : 1015 / wnd id :14
[  2: 3:17 ]  Window creating : wnd id : 14
[  2: 3:17 ]  Created window : cmd id : 1001 / wnd id :14
[  2: 3:17 ]  Window creating : wnd id : 14
[  2: 3:17 ]  Created window : cmd id : 1016 / wnd id :14
[  2: 3:17 ]  Window creating : wnd id : 14
[  2: 3:17 ]  Created window : cmd id : 1023 / wnd id :14
[  2: 3:17 ]  Window creating : wnd id : 10054
[  2: 3:17 ]  Created window : cmd id : 0 / wnd id :10054
[  2: 3:17 ]  Window creating : wnd id : 10055
[  2: 3:17 ]  Created window : cmd id : 0 / wnd id :10055
[  2: 3:17 ]  Window creating : wnd id : 10024
[  2: 3:17 ]  Created window : cmd id : 0 / wnd id :10024
[  2: 3:17 ]  Window creating : wnd id : 10201
[  2: 3:17 ]  Created window : cmd id : 0 / wnd id :10201
[  2: 3:17 ]  Window creating : wnd id : 10034
[  2: 3:17 ]  Created window : cmd id : 0 / wnd id :10034
[  2: 3:17 ]  Window creating : wnd id : 10036
[  2: 3:17 ]  Created window : cmd id : 0 / wnd id :10036
[  2: 3:17 ]  Window creating : wnd id : 10038
[  2: 3:17 ]  Created window : cmd id : 0 / wnd id :10038
[  2: 3:17 ]  Window creating : wnd id : 10060
[  2: 3:17 ]  Created window : cmd id : 0 / wnd id :10060
[  2: 3:17 ]  Window creating : wnd id : 10061
[  2: 3:17 ]  Created window : cmd id : 0 / wnd id :10061
[  2: 3:17 ]  Window creating : wnd id : 14
[  2: 3:17 ]  Created window : cmd id : 3908 / wnd id :14
[  2: 3:17 ]  Window creating : wnd id : 10042
[  2: 3:17 ]  Created window : cmd id : 0 / wnd id :10042
[  2: 3:17 ]  Window creating : wnd id : 10043
[  2: 3:17 ]  Created window : cmd id : 0 / wnd id :10043
[  2: 3:17 ]  Window creating : wnd id : 10052
[  2: 3:17 ]  Created window : cmd id : 0 / wnd id :10052
[  2: 3:17 ]  Window creating : wnd id : 10053
[  2: 3:17 ]  Created window : cmd id : 0 / wnd id :10053
[  2: 3:17 ]  Window creating : wnd id : 10056
[  2: 3:17 ]  Created window : cmd id : 0 / wnd id :10056
[  2: 3:17 ]  Window creating : wnd id : 14
[  2: 3:17 ]  Created window : cmd id : 3505 / wnd id :14
[  2: 3:17 ]  Window creating : wnd id : 10057
[  2: 3:17 ]  Created window : cmd id : 0 / wnd id :10057
[  2: 3:17 ]  Window creating : wnd id : 10065
[  2: 3:17 ]  Created window : cmd id : 0 / wnd id :10065
[  2: 3:17 ]  Window creating : wnd id : 10066
[  2: 3:17 ]  Created window : cmd id : 0 / wnd id :10066
[  2: 3:17 ]  Window creating : wnd id : 10067
[  2: 3:17 ]  Created window : cmd id : 0 / wnd id :10067
[  2: 3:17 ]  Window creating : wnd id : 10204
[  2: 3:17 ]  Created window : cmd id : 0 / wnd id :10204
[  2: 3:17 ]  Window creating : wnd id : 10064
[  2: 3:17 ]  Created window : cmd id : 0 / wnd id :10064
[  2: 3:17 ]  Window creating : wnd id : 10068
[  2: 3:17 ]  Created window : cmd id : 0 / wnd id :10068
[  2: 3:17 ]  Window creating : wnd id : 10070
[  2: 3:17 ]  Created window : cmd id : 0 / wnd id :10070
[  2: 3:17 ]  Window creating : wnd id : 14
[  2: 3:17 ]  Created window : cmd id : 4504 / wnd id :14
[  2: 3:17 ]  Window creating : wnd id : 14
[  2: 3:17 ]  Created window : cmd id : 4506 / wnd id :14
[  2: 3:17 ]  Window creating : wnd id : 14
[  2: 3:17 ]  Created window : cmd id : 4505 / wnd id :14
[  2: 3:17 ]  Window creating : wnd id : 14
[  2: 3:17 ]  Created window : cmd id : 0 / wnd id :14
[  2: 3:17 ]  Window creating : wnd id : 10073
[  2: 3:17 ]  Created window : cmd id : 0 / wnd id :10073
[  2: 3:17 ]  Window creating : wnd id : 1696795
[  2: 3:17 ]  Created window : cmd id : 0 / wnd id :1696795
[  2: 3:17 ]  Window creating : wnd id : 10211
[  2: 3:17 ]  Created window : cmd id : 0 / wnd id :10211
[  2: 3:17 ]  Window creating : wnd id : 10078
[  2: 3:17 ]  Created window : cmd id : 0 / wnd id :10078
[  2: 3:17 ]  Window creating : wnd id : 10078
[  2: 3:17 ]  Created window : cmd id : 0 / wnd id :10078
[  2: 3:17 ]  Window creating : wnd id : 10081
[  2: 3:17 ]  Created window : cmd id : 0 / wnd id :10081
[  2: 3:17 ]  Window creating : wnd id : 10082
[  2: 3:17 ]  Created window : cmd id : 0 / wnd id :10082
[  2: 3:17 ]  Window creating : wnd id : 10083
[  2: 3:17 ]  Created window : cmd id : 0 / wnd id :10083
[  2: 3:17 ]  Window creating : wnd id : 10084
[  2: 3:17 ]  Created window : cmd id : 0 / wnd id :10084
[  2: 3:17 ]  Window creating : wnd id : 14
[  2: 3:17 ]  Created window : cmd id : 5130 / wnd id :14
[  2: 3:17 ]  Window creating : wnd id : 10087
[  2: 3:18 ]  Created window : cmd id : 0 / wnd id :10087
[  2: 3:18 ]  Window creating : wnd id : 26476544
[  2: 3:18 ]  Created window : cmd id : 5220 / wnd id :26476544
[  2: 3:18 ]  Window creating : wnd id : 10085
[  2: 3:18 ]  Created window : cmd id : 0 / wnd id :10085
[  2: 3:18 ]  Window creating : wnd id : 10086
[  2: 3:18 ]  Created window : cmd id : 0 / wnd id :10086
[  2: 3:18 ]  Window creating : wnd id : 10207
[  2: 3:18 ]  Created window : cmd id : 0 / wnd id :10207
[  2: 3:18 ]  Window creating : wnd id : 10088
[  2: 3:18 ]  Created window : cmd id : 0 / wnd id :10088
[  2: 3:18 ]  Window creating : wnd id : 10094
[  2: 3:18 ]  Created window : cmd id : 0 / wnd id :10094
[  2: 3:18 ]  Window creating : wnd id : 1696875
[  2: 3:18 ]  Created window : cmd id : 5371 / wnd id :1696875
[  2: 3:18 ]  Window creating : wnd id : 10090
[  2: 3:18 ]  Created window : cmd id : 0 / wnd id :10090
[  2: 3:18 ]  Window creating : wnd id : 10095
[  2: 3:18 ]  Created window : cmd id : 0 / wnd id :10095
[  2: 3:18 ]  Window creating : wnd id : 1696875
[  2: 3:18 ]  Created window : cmd id : 5382 / wnd id :1696875
[  2: 3:18 ]  Window creating : wnd id : 10089
[  2: 3:18 ]  Created window : cmd id : 0 / wnd id :10089
[  2: 3:18 ]  Window creating : wnd id : 10096
[  2: 3:18 ]  Created window : cmd id : 0 / wnd id :10096
[  2: 3:18 ]  Window creating : wnd id : 10206
[  2: 3:18 ]  Created window : cmd id : 0 / wnd id :10206
[  2: 3:18 ]  Window creating : wnd id : 10209
[  2: 3:18 ]  Created window : cmd id : 0 / wnd id :10209
[  2: 3:18 ]  Window creating : wnd id : 14
[  2: 3:18 ]  Created window : cmd id : 5706 / wnd id :14
[  2: 3:18 ]  Window creating : wnd id : 10210
[  2: 3:18 ]  Created window : cmd id : 0 / wnd id :10210
[  2: 3:18 ]  Window creating : wnd id : 1696840
[  2: 3:18 ]  Created window : cmd id : 5815 / wnd id :1696840
[  2: 3:18 ]  Window creating : wnd id : 2
[  2: 3:18 ]  Created window : cmd id : 5816 / wnd id :2
[  2: 3:18 ]  Window creating : wnd id : 2
[  2: 3:18 ]  Created window : cmd id : 5817 / wnd id :2
[  2: 3:18 ]  Window creating : wnd id : 2
[  2: 3:18 ]  Created window : cmd id : 5818 / wnd id :2
[  2: 3:18 ]  Window creating : wnd id : 2
[  2: 3:18 ]  Created window : cmd id : 5819 / wnd id :2
[  2: 3:18 ]  Window creating : wnd id : 2
[  2: 3:18 ]  Created window : cmd id : 5820 / wnd id :2
[  2: 3:18 ]  Window creating : wnd id : 10212
[  2: 3:18 ]  Created window : cmd id : 0 / wnd id :10212
[  2: 3:18 ]  Window creating : wnd id : 10213
[  2: 3:18 ]  Created window : cmd id : 0 / wnd id :10213
[  2: 3:18 ]  Window creating : wnd id : 10214
[  2: 3:18 ]  Created window : cmd id : 0 / wnd id :10214
[  2: 3:18 ]  Window creating : wnd id : 10216
[  2: 3:18 ]  Created window : cmd id : 0 / wnd id :10216
[  2: 3:18 ]  Window creating : wnd id : 10215
[  2: 3:18 ]  Created window : cmd id : 0 / wnd id :10215
[  2: 3:18 ]  Window creating : wnd id : 10223
[  2: 3:18 ]  Created window : cmd id : 0 / wnd id :10223
[  2: 3:18 ]  Window creating : wnd id : 1696875
[  2: 3:18 ]  Created window : cmd id : 6102 / wnd id :1696875
[  2: 3:18 ]  Window creating : wnd id : 10217
[  2: 3:18 ]  Created window : cmd id : 0 / wnd id :10217
[  2: 3:18 ]  Window creating : wnd id : 14
[  2: 3:18 ]  Created window : cmd id : 6000 / wnd id :14
[  2: 3:18 ]  Window creating : wnd id : 10218
[  2: 3:18 ]  Created window : cmd id : 0 / wnd id :10218
[  2: 3:18 ]  Window creating : wnd id : 14
[  2: 3:18 ]  Created window : cmd id : 6000 / wnd id :14
[  2: 3:18 ]  Window creating : wnd id : 10235
[  2: 3:18 ]  Created window : cmd id : 0 / wnd id :10235
[  2: 3:18 ]  Window creating : wnd id : 14
[  2: 3:18 ]  Created window : cmd id : 6000 / wnd id :14
[  2: 3:18 ]  Window creating : wnd id : 10219
[  2: 3:18 ]  Created window : cmd id : 0 / wnd id :10219
[  2: 3:18 ]  Window creating : wnd id : 10220
[  2: 3:18 ]  Created window : cmd id : 0 / wnd id :10220
[  2: 3:18 ]  Window creating : wnd id : 1696915
[  2: 3:18 ]  Created window : cmd id : 6055 / wnd id :1696915
[  2: 3:18 ]  Window creating : wnd id : 10221
[  2: 3:18 ]  Created window : cmd id : 0 / wnd id :10221
[  2: 3:18 ]  Window creating : wnd id : 14
[  2: 3:18 ]  Created window : cmd id : 6062 / wnd id :14
[  2: 3:18 ]  Window creating : wnd id : 10294
[  2: 3:18 ]  Created window : cmd id : 0 / wnd id :10294
[  2: 3:18 ]  Window creating : wnd id : 1696955
[  2: 3:18 ]  Created window : cmd id : 7550 / wnd id :1696955
[  2: 3:18 ]  Window creating : wnd id : 10410
[  2: 3:18 ]  Created window : cmd id : 0 / wnd id :10410
[  2: 3:18 ]  Window creating : wnd id : 1696955
[  2: 3:18 ]  Created window : cmd id : 8880 / wnd id :1696955
[  2: 3:18 ]  Window creating : wnd id : 10222
[  2: 3:18 ]  Created window : cmd id : 0 / wnd id :10222
[  2: 3:18 ]  Window creating : wnd id : 10224
[  2: 3:18 ]  Created window : cmd id : 0 / wnd id :10224
[  2: 3:18 ]  Window creating : wnd id : 10239
[  2: 3:18 ]  Created window : cmd id : 0 / wnd id :10239
[  2: 3:18 ]  Window creating : wnd id : 10285
[  2: 3:18 ]  Created window : cmd id : 0 / wnd id :10285
[  2: 3:18 ]  Window creating : wnd id : 10225
[  2: 3:18 ]  Created window : cmd id : 0 / wnd id :10225
[  2: 3:18 ]  Window creating : wnd id : 10226
[  2: 3:18 ]  Created window : cmd id : 0 / wnd id :10226
[  2: 3:18 ]  Window creating : wnd id : 10228
[  2: 3:18 ]  Created window : cmd id : 0 / wnd id :10228
[  2: 3:18 ]  Window creating : wnd id : 10229
[  2: 3:18 ]  Created window : cmd id : 0 / wnd id :10229
[  2: 3:18 ]  Window creating : wnd id : 10297
[  2: 3:18 ]  Created window : cmd id : 0 / wnd id :10297
[  2: 3:18 ]  Window creating : wnd id : 10298
[  2: 3:18 ]  Created window : cmd id : 0 / wnd id :10298
[  2: 3:18 ]  Window creating : wnd id : 10227
[  2: 3:18 ]  Created window : cmd id : 0 / wnd id :10227
[  2: 3:18 ]  Window creating : wnd id : 10236
[  2: 3:18 ]  Created window : cmd id : 0 / wnd id :10236
[  2: 3:18 ]  Window creating : wnd id : 14
[  2: 3:18 ]  Created window : cmd id : 6251 / wnd id :14
[  2: 3:18 ]  Window creating : wnd id : 10237
[  2: 3:18 ]  Created window : cmd id : 0 / wnd id :10237
[  2: 3:18 ]  Window creating : wnd id : 10238
[  2: 3:18 ]  Created window : cmd id : 0 / wnd id :10238
[  2: 3:18 ]  Window creating : wnd id : 1696595
[  2: 3:18 ]  Created window : cmd id : 6275 / wnd id :1696595
[  2: 3:18 ]  Window creating : wnd id : 10240
[  2: 3:18 ]  Created window : cmd id : 0 / wnd id :10240
[  2: 3:18 ]  Window creating : wnd id : 14
[  2: 3:18 ]  Created window : cmd id : 6401 / wnd id :14
[  2: 3:18 ]  Window creating : wnd id : 10241
[  2: 3:18 ]  Created window : cmd id : 0 / wnd id :10241
[  2: 3:18 ]  Window creating : wnd id : 14
[  2: 3:18 ]  Created window : cmd id : 6452 / wnd id :14
[  2: 3:18 ]  Window creating : wnd id : 14
[  2: 3:18 ]  Created window : cmd id : 6453 / wnd id :14
[  2: 3:18 ]  Window creating : wnd id : 10246
[  2: 3:18 ]  Created window : cmd id : 0 / wnd id :10246
[  2: 3:18 ]  Window creating : wnd id : 10247
[  2: 3:18 ]  Created window : cmd id : 0 / wnd id :10247
[  2: 3:18 ]  Window creating : wnd id : 14
[  2: 3:18 ]  Created window : cmd id : 6755 / wnd id :14
[  2: 3:18 ]  Window creating : wnd id : 14
[  2: 3:18 ]  Created window : cmd id : 6756 / wnd id :14
[  2: 3:18 ]  Window creating : wnd id : 14
[  2: 3:18 ]  Created window : cmd id : 6757 / wnd id :14
[  2: 3:18 ]  Window creating : wnd id : 10252
[  2: 3:18 ]  Created window : cmd id : 0 / wnd id :10252
[  2: 3:18 ]  Window creating : wnd id : 10253
[  2: 3:18 ]  Created window : cmd id : 0 / wnd id :10253
[  2: 3:18 ]  Window creating : wnd id : 10249
[  2: 3:18 ]  Created window : cmd id : 0 / wnd id :10249
[  2: 3:18 ]  Window creating : wnd id : 10279
[  2: 3:18 ]  Created window : cmd id : 0 / wnd id :10279
[  2: 3:18 ]  Window creating : wnd id : 10250
[  2: 3:18 ]  Created window : cmd id : 0 / wnd id :10250
[  2: 3:18 ]  Window creating : wnd id : 10256
[  2: 3:18 ]  Created window : cmd id : 0 / wnd id :10256
[  2: 3:18 ]  Window creating : wnd id : 14
[  2: 3:18 ]  Created window : cmd id : 7130 / wnd id :14
[  2: 3:18 ]  Window creating : wnd id : 10278
[  2: 3:18 ]  Created window : cmd id : 0 / wnd id :10278
[  2: 3:18 ]  Window creating : wnd id : 10251
[  2: 3:18 ]  Created window : cmd id : 0 / wnd id :10251
[  2: 3:18 ]  Window creating : wnd id : 10277
[  2: 3:18 ]  Created window : cmd id : 0 / wnd id :10277
[  2: 3:18 ]  Window creating : wnd id : 10283
[  2: 3:18 ]  Created window : cmd id : 0 / wnd id :10283
[  2: 3:18 ]  Window creating : wnd id : 1696795
[  2: 3:18 ]  Created window : cmd id : 7304 / wnd id :1696795
[  2: 3:18 ]  Window creating : wnd id : 10280
[  2: 3:18 ]  Created window : cmd id : 0 / wnd id :10280
[  2: 3:18 ]  Window creating : wnd id : 1696875
[  2: 3:18 ]  Created window : cmd id : 7234 / wnd id :1696875
[  2: 3:18 ]  Window creating : wnd id : 10284
[  2: 3:18 ]  Created window : cmd id : 0 / wnd id :10284
[  2: 3:18 ]  Window creating : wnd id : 14
[  2: 3:18 ]  Created window : cmd id : 7355 / wnd id :14
[  2: 3:18 ]  Window creating : wnd id : 10286
[  2: 3:18 ]  Created window : cmd id : 0 / wnd id :10286
[  2: 3:18 ]  Window creating : wnd id : 10288
[  2: 3:18 ]  Created window : cmd id : 0 / wnd id :10288
[  2: 3:18 ]  Window creating : wnd id : 10287
[  2: 3:18 ]  Created window : cmd id : 0 / wnd id :10287
[  2: 3:18 ]  Window creating : wnd id : 10289
[  2: 3:18 ]  Created window : cmd id : 0 / wnd id :10289
[  2: 3:18 ]  Window creating : wnd id : 10290
[  2: 3:18 ]  Created window : cmd id : 0 / wnd id :10290
[  2: 3:18 ]  Window creating : wnd id : 10291
[  2: 3:18 ]  Created window : cmd id : 0 / wnd id :10291
[  2: 3:18 ]  Window creating : wnd id : 10281
[  2: 3:18 ]  Created window : cmd id : 0 / wnd id :10281
[  2: 3:19 ]  Window creating : wnd id : 10295
[  2: 3:19 ]  Created window : cmd id : 0 / wnd id :10295
[  2: 3:19 ]  Window creating : wnd id : 10296
[  2: 3:19 ]  Created window : cmd id : 0 / wnd id :10296
[  2: 3:19 ]  Window creating : wnd id : 1696835
[  2: 3:19 ]  Created window : cmd id : 7604 / wnd id :1696835
[  2: 3:19 ]  Window creating : wnd id : 10315
[  2: 3:19 ]  Created window : cmd id : 0 / wnd id :10315
[  2: 3:19 ]  Window creating : wnd id : 10403
[  2: 3:19 ]  Created window : cmd id : 0 / wnd id :10403
[  2: 3:19 ]  Window creating : wnd id : 10404
[  2: 3:19 ]  Created window : cmd id : 0 / wnd id :10404
[  2: 3:19 ]  Window creating : wnd id : 10405
[  2: 3:19 ]  Created window : cmd id : 0 / wnd id :10405
[  2: 3:19 ]  Window creating : wnd id : 10299
[  2: 3:19 ]  Created window : cmd id : 0 / wnd id :10299
[  2: 3:19 ]  Window creating : wnd id : 10300
[  2: 3:19 ]  Created window : cmd id : 0 / wnd id :10300
[  2: 3:19 ]  Window creating : wnd id : 10307
[  2: 3:19 ]  Created window : cmd id : 0 / wnd id :10307
[  2: 3:19 ]  Window creating : wnd id : 10308
[  2: 3:19 ]  Created window : cmd id : 0 / wnd id :10308
[  2: 3:19 ]  Window creating : wnd id : 10316
[  2: 3:19 ]  Created window : cmd id : 0 / wnd id :10316
[  2: 3:19 ]  Window creating : wnd id : 10317
[  2: 3:19 ]  Created window : cmd id : 0 / wnd id :10317
[  2: 3:19 ]  Window creating : wnd id : 10320
[  2: 3:19 ]  Created window : cmd id : 0 / wnd id :10320
[  2: 3:19 ]  Window creating : wnd id : 10234
[  2: 3:19 ]  Created window : cmd id : 0 / wnd id :10234
[  2: 3:20 ]  ERROR : Overflowed animation key stack [2705][H„Ïc Long Ho“a NguÚc Binh,Mob_c12_030_run.XA] [10/9]
[  2: 3:20 ]  ERROR : Overflowed animation key stack [3216][C›ÚC G¬ÏU ( LUY ÚN VOﬁ C‘NG ),pet_panda_001_enter.xa] [8/7]
[  2: 3:21 ]  ========================================================================
[  2: 3:21 ]  Change process : Login server
[  2: 3:21 ]  ========================================================================
[  2: 3:21 ]  RestoreDeviceObjects : shader version [ VS : 3.0 / PS : 3.0 ]
[  2: 3:21 ]  RestoreDeviceObjects : [ HCR ] Use vertex shader animation
[  2: 3:21 ]  Disconnected.
[  2: 3:21 ]  Messenger socket released.
[  2: 3:21 ]  Initialize messanger packet buffer
[  2: 3:21 ]  Window creating : wnd id : 10046
[  2: 3:21 ]  Created window : cmd id : 0 / wnd id :10046
[  2: 3:21 ]  Window creating : wnd id : 10203
[  2: 3:21 ]  Created window : cmd id : 0 / wnd id :10203
[  2: 3:21 ]  Window creating : wnd id : 10232
[  2: 3:21 ]  Created window : cmd id : 0 / wnd id :10232
[  2: 3:21 ]  WSAStartup... 
[  2: 3:21 ]  Request server list 
[  2: 3:21 ]  Create socket object... 
[  2: 3:21 ]  Created socket object... 
[  2: 3:21 ]  Connect to live server
[  2: 3:21 ]  Connect version server... 
[  2: 3:21 ]  Connected version server... 
[  2: 3:21 ]  Recieve version... 
[  2: 3:21 ]  Recieved version... 
[  2: 3:21 ]  Close socket... 
[  2: 3:21 ]  WSA Cleanup... 
[  2: 3:21 ]  MaxServerCount:1
[  2: 3:31 ]  Connect to live server
[  2: 3:31 ]  InitializeUDPSocket()
[  2: 3:31 ]  OnUserMessage_UDPSocket()
[  2: 3:31 ]  OnUserMessage_UDPSocket()
[  2: 3:31 ]  LS Send packet start [1]
[  2: 3:31 ]  Login : send login packet
[  2: 3:31 ]  ≈¨∂Û¿Ãæ∆Æ πˆ¿¸ 393338
[  2: 3:31 ]  _XUDPSendPacket_Encapsulate()
[  2: 3:31 ]   
[  2: 3:31 ]  OnUserMessage_UDPSocket()
[  2: 3:31 ]  Disconnected.
[  2: 3:31 ]  Login success.
[  2: 3:31 ]  OnUserMessage_UDPSocket()
[  2: 3:32 ]  ========================================================================
[  2: 3:32 ]  Change process : Select character
[  2: 3:32 ]  ========================================================================
[  2: 3:32 ]  Window creating : wnd id : 10047
[  2: 3:32 ]  Created window : cmd id : 0 / wnd id :10047
[  2: 3:32 ]  Window creating : wnd id : 10233
[  2: 3:32 ]  Created window : cmd id : 0 / wnd id :10233
[  2: 3:32 ]  Window creating : wnd id : 10232
[  2: 3:32 ]  Created window : cmd id : 0 / wnd id :10232
[  2: 3:36 ]  ========================================================================
[  2: 3:36 ]  Change process : Loading data
[  2: 3:36 ]  ========================================================================
[  2: 3:39 ]  ========================================================================
[  2: 3:39 ]  Change process : EOD Main game
[  2: 3:39 ]  ========================================================================
[  2: 3:39 ]  RestoreDeviceObjects : shader version [ VS : 3.0 / PS : 3.0 ]
[  2: 3:39 ]  RestoreDeviceObjects : [ HCR ] Use vertex shader animation
[  2: 3:39 ]  Initialize messanger socket
[  2: 3:39 ]  Messenger socket released.
[  2: 3:39 ]  Initialize messanger packet buffer
[  2: 3:39 ]  Create messanger socket
[  2: 3:39 ]  AsyncSelect messanger socket
[  2: 3:39 ]  Connect messanger server
[  2: 3:39 ]  Connected messanger server
[  2: 3:39 ]  Start game...[Region : 19]
[  2: 3:39 ]  <<<<<<<<<<<<<<<<<<<<<<<<<<<      Messenger Memberinfo Receive     >>>>>>>>>>>>>>>>>>>>>>>>>
[  2:19: 2 ]  Socket has been closed. [Gs:_ECode:0]
[  2:19:12 ]  Send error [10053]
[  2:19:12 ]  Destroyed Network kernel. [_ECode:183]
[  2:21:22 ]  Shutdown from main loop.
[  2:21:22 ]  End of main process
[  2:21:22 ]  Release game object
[  2:21:22 ]  End of main process
[  2:21:22 ]  Disconnected.
[  2:21:22 ]  Messenger socket released.
[  2:21:22 ]  Initialize messanger packet buffer
[  2:21:22 ]  Shutdown _XKernel
[  2:21:22 ]  Release device object
[  2:21:22 ]  ========================================================================
[  2:21:22 ]  A D3D object all released
[  2:21:22 ]  ========================================================================
[  2:21:22 ]  Released 9dragons mutex.
[  2:21:22 ]  ========================================================================
[  2:21:22 ]  Release game timer
[  2:21:22 ]  Exit application.
[  2:21:22 ]  No error
[  2:21:22 ]  Shutdown _XShell
[  2:21:22 ]  Process end time : 02:21:22 / Wednesday, day 26 of July in the year 2023.
[  2:21:22 ]  ========================================================================
